This is an error log file of the game server.
You may use like `tail -f KKUTU_ERROR.log` to watch this.
:8496 [2017-02-15 00:50:49] ERROR: Error: read ECONNRESET
Error: read ECONNRESET
    at exports._errnoException (util.js:1022:11)
    at TCP.onread (net.js:569:26):8496 [2017-02-15 00:51:01] ERROR: Error: read ECONNRESET
Error: read ECONNRESET
    at exports._errnoException (util.js:1022:11)
    at TCP.onread (net.js:569:26):8496 [2017-02-15 00:51:13] ERROR: Error: read ECONNRESET
Error: read ECONNRESET
    at exports._errnoException (util.js:1022:11)
    at TCP.onread (net.js:569:26):8496 [2017-02-15 01:34:15] ERROR: error: terminating connection due to administrator command
error: terminating connection due to administrator command
    at Connection.parseE (E:\KKUTU\Server\lib\node_modules\pg\lib\connection.js:554:11)
    at Connection.parseMessage (E:\KKUTU\Server\lib\node_modules\pg\lib\connection.js:381:17)
    at Socket.<anonymous> (E:\KKUTU\Server\lib\node_modules\pg\lib\connection.js:117:22)
    at emitOne (events.js:96:13)
    at Socket.emit (events.js:188:7)
    at readableAddChunk (_stream_readable.js:176:18)
    at Socket.Readable.push (_stream_readable.js:134:10)
    at TCP.onread (net.js:548:20):8496 [2017-02-16 03:37:36] ERROR: ReferenceError: MainDB is not defined
ReferenceError: MainDB is not defined
    at approved (E:\KKUTU\Server\lib\Game\games\classic.js:261:7)
    at preApproved (E:\KKUTU\Server\lib\Game\games\classic.js:290:9)
    at onDB (E:\KKUTU\Server\lib\Game\games\classic.js:300:9)
    at callback (E:\KKUTU\Server\lib\sub\collection.js:298:13)
    at Query.preCB (E:\KKUTU\Server\lib\sub\collection.js:280:6)
    at Query.handleReadyForQuery (E:\KKUTU\Server\lib\node_modules\pg\lib\query.js:112:10)
    at Connection.<anonymous> (E:\KKUTU\Server\lib\node_modules\pg\lib\client.js:172:19)
    at emitOne (events.js:101:20)
    at Connection.emit (events.js:188:7)
    at Socket.<anonymous> (E:\KKUTU\Server\lib\node_modules\pg\lib\connection.js:121:12):8497 [2017-02-16 03:40:07] ERROR: ReferenceError: JLog is not defined
ReferenceError: JLog is not defined
    at E:\KKUTU\Server\lib\Game\games\classic.js:270:10
    at callback (E:\KKUTU\Server\lib\sub\collection.js:298:13)
    at Query.preCB [as callback] (E:\KKUTU\Server\lib\sub\collection.js:280:6)
    at Query.handleReadyForQuery (E:\KKUTU\Server\lib\node_modules\pg\lib\query.js:112:10)
    at Connection.<anonymous> (E:\KKUTU\Server\lib\node_modules\pg\lib\client.js:172:19)
    at emitOne (events.js:101:20)
    at Connection.emit (events.js:188:7)
    at Socket.<anonymous> (E:\KKUTU\Server\lib\node_modules\pg\lib\connection.js:121:12)
    at emitOne (events.js:96:13)
    at Socket.emit (events.js:188:7)